<?xml version="1.0" encoding="UTF-8"?>
<testsuite xmlns:xsi="http://www.w3.org/2001/XMLSchema-instance" xsi:noNamespaceSchemaLocation="https://maven.apache.org/surefire/maven-surefire-plugin/xsd/surefire-test-report-3.0.xsd" version="3.0" name="com.example.demo.SalesforceCrm1ApplicationTests" time="11.417" tests="1" errors="0" skipped="0" failures="0">
  <properties>
    <property name="java.specification.version" value="17"/>
    <property name="sun.jnu.encoding" value="UTF-8"/>
    <property name="java.class.path" value="/Users/nguyenphamhungphi/Documents/SalesForce/salesforce_crm/target/test-classes:/Users/nguyenphamhungphi/Documents/SalesForce/salesforce_crm/target/classes:/Users/nguyenphamhungphi/.m2/repository/org/springframework/boot/spring-boot-starter-data-jpa/3.2.2-SNAPSHOT/spring-boot-starter-data-jpa-3.2.2-SNAPSHOT.jar:/Users/nguyenphamhungphi/.m2/repository/org/springframework/boot/spring-boot-starter-aop/3.2.2-SNAPSHOT/spring-boot-starter-aop-3.2.2-SNAPSHOT.jar:/Users/nguyenphamhungphi/.m2/repository/org/springframework/spring-aop/6.1.2/spring-aop-6.1.2.jar:/Users/nguyenphamhungphi/.m2/repository/org/aspectj/aspectjweaver/1.9.21/aspectjweaver-1.9.21.jar:/Users/nguyenphamhungphi/.m2/repository/org/springframework/boot/spring-boot-starter-jdbc/3.2.2-SNAPSHOT/spring-boot-starter-jdbc-3.2.2-SNAPSHOT.jar:/Users/nguyenphamhungphi/.m2/repository/com/zaxxer/HikariCP/5.0.1/HikariCP-5.0.1.jar:/Users/nguyenphamhungphi/.m2/repository/org/springframework/spring-jdbc/6.1.2/spring-jdbc-6.1.2.jar:/Users/nguyenphamhungphi/.m2/repository/org/hibernate/orm/hibernate-core/6.4.1.Final/hibernate-core-6.4.1.Final.jar:/Users/nguyenphamhungphi/.m2/repository/jakarta/persistence/jakarta.persistence-api/3.1.0/jakarta.persistence-api-3.1.0.jar:/Users/nguyenphamhungphi/.m2/repository/jakarta/transaction/jakarta.transaction-api/2.0.1/jakarta.transaction-api-2.0.1.jar:/Users/nguyenphamhungphi/.m2/repository/org/jboss/logging/jboss-logging/3.5.3.Final/jboss-logging-3.5.3.Final.jar:/Users/nguyenphamhungphi/.m2/repository/org/hibernate/common/hibernate-commons-annotations/6.0.6.Final/hibernate-commons-annotations-6.0.6.Final.jar:/Users/nguyenphamhungphi/.m2/repository/io/smallrye/jandex/3.1.2/jandex-3.1.2.jar:/Users/nguyenphamhungphi/.m2/repository/com/fasterxml/classmate/1.6.0/classmate-1.6.0.jar:/Users/nguyenphamhungphi/.m2/repository/net/bytebuddy/byte-buddy/1.14.10/byte-buddy-1.14.10.jar:/Users/nguyenphamhungphi/.m2/repository/org/glassfish/jaxb/jaxb-runtime/4.0.4/jaxb-runtime-4.0.4.jar:/Users/nguyenphamhungphi/.m2/repository/org/glassfish/jaxb/jaxb-core/4.0.4/jaxb-core-4.0.4.jar:/Users/nguyenphamhungphi/.m2/repository/org/eclipse/angus/angus-activation/2.0.1/angus-activation-2.0.1.jar:/Users/nguyenphamhungphi/.m2/repository/org/glassfish/jaxb/txw2/4.0.4/txw2-4.0.4.jar:/Users/nguyenphamhungphi/.m2/repository/com/sun/istack/istack-commons-runtime/4.1.2/istack-commons-runtime-4.1.2.jar:/Users/nguyenphamhungphi/.m2/repository/jakarta/inject/jakarta.inject-api/2.0.1/jakarta.inject-api-2.0.1.jar:/Users/nguyenphamhungphi/.m2/repository/org/antlr/antlr4-runtime/4.13.0/antlr4-runtime-4.13.0.jar:/Users/nguyenphamhungphi/.m2/repository/org/springframework/data/spring-data-jpa/3.2.1/spring-data-jpa-3.2.1.jar:/Users/nguyenphamhungphi/.m2/repository/org/springframework/data/spring-data-commons/3.2.1/spring-data-commons-3.2.1.jar:/Users/nguyenphamhungphi/.m2/repository/org/springframework/spring-orm/6.1.2/spring-orm-6.1.2.jar:/Users/nguyenphamhungphi/.m2/repository/org/springframework/spring-context/6.1.2/spring-context-6.1.2.jar:/Users/nguyenphamhungphi/.m2/repository/org/springframework/spring-tx/6.1.2/spring-tx-6.1.2.jar:/Users/nguyenphamhungphi/.m2/repository/org/springframework/spring-beans/6.1.2/spring-beans-6.1.2.jar:/Users/nguyenphamhungphi/.m2/repository/org/slf4j/slf4j-api/2.0.9/slf4j-api-2.0.9.jar:/Users/nguyenphamhungphi/.m2/repository/org/springframework/spring-aspects/6.1.2/spring-aspects-6.1.2.jar:/Users/nguyenphamhungphi/.m2/repository/org/springframework/boot/spring-boot-starter-web/3.2.2-SNAPSHOT/spring-boot-starter-web-3.2.2-SNAPSHOT.jar:/Users/nguyenphamhungphi/.m2/repository/org/springframework/boot/spring-boot-starter/3.2.2-SNAPSHOT/spring-boot-starter-3.2.2-SNAPSHOT.jar:/Users/nguyenphamhungphi/.m2/repository/org/springframework/boot/spring-boot-starter-logging/3.2.2-SNAPSHOT/spring-boot-starter-logging-3.2.2-SNAPSHOT.jar:/Users/nguyenphamhungphi/.m2/repository/ch/qos/logback/logback-classic/1.4.14/logback-classic-1.4.14.jar:/Users/nguyenphamhungphi/.m2/repository/ch/qos/logback/logback-core/1.4.14/logback-core-1.4.14.jar:/Users/nguyenphamhungphi/.m2/repository/org/apache/logging/log4j/log4j-to-slf4j/2.21.1/log4j-to-slf4j-2.21.1.jar:/Users/nguyenphamhungphi/.m2/repository/org/apache/logging/log4j/log4j-api/2.21.1/log4j-api-2.21.1.jar:/Users/nguyenphamhungphi/.m2/repository/org/slf4j/jul-to-slf4j/2.0.9/jul-to-slf4j-2.0.9.jar:/Users/nguyenphamhungphi/.m2/repository/org/yaml/snakeyaml/2.2/snakeyaml-2.2.jar:/Users/nguyenphamhungphi/.m2/repository/org/springframework/boot/spring-boot-starter-json/3.2.2-SNAPSHOT/spring-boot-starter-json-3.2.2-SNAPSHOT.jar:/Users/nguyenphamhungphi/.m2/repository/com/fasterxml/jackson/core/jackson-databind/2.15.3/jackson-databind-2.15.3.jar:/Users/nguyenphamhungphi/.m2/repository/com/fasterxml/jackson/core/jackson-annotations/2.15.3/jackson-annotations-2.15.3.jar:/Users/nguyenphamhungphi/.m2/repository/com/fasterxml/jackson/core/jackson-core/2.15.3/jackson-core-2.15.3.jar:/Users/nguyenphamhungphi/.m2/repository/com/fasterxml/jackson/datatype/jackson-datatype-jdk8/2.15.3/jackson-datatype-jdk8-2.15.3.jar:/Users/nguyenphamhungphi/.m2/repository/com/fasterxml/jackson/datatype/jackson-datatype-jsr310/2.15.3/jackson-datatype-jsr310-2.15.3.jar:/Users/nguyenphamhungphi/.m2/repository/com/fasterxml/jackson/module/jackson-module-parameter-names/2.15.3/jackson-module-parameter-names-2.15.3.jar:/Users/nguyenphamhungphi/.m2/repository/org/springframework/spring-web/6.1.2/spring-web-6.1.2.jar:/Users/nguyenphamhungphi/.m2/repository/io/micrometer/micrometer-observation/1.12.1/micrometer-observation-1.12.1.jar:/Users/nguyenphamhungphi/.m2/repository/io/micrometer/micrometer-commons/1.12.1/micrometer-commons-1.12.1.jar:/Users/nguyenphamhungphi/.m2/repository/org/springframework/spring-webmvc/6.1.2/spring-webmvc-6.1.2.jar:/Users/nguyenphamhungphi/.m2/repository/org/springframework/spring-expression/6.1.2/spring-expression-6.1.2.jar:/Users/nguyenphamhungphi/.m2/repository/org/springframework/boot/spring-boot-devtools/3.2.2-SNAPSHOT/spring-boot-devtools-3.2.2-SNAPSHOT.jar:/Users/nguyenphamhungphi/.m2/repository/org/springframework/boot/spring-boot/3.2.2-SNAPSHOT/spring-boot-3.2.2-SNAPSHOT.jar:/Users/nguyenphamhungphi/.m2/repository/org/springframework/boot/spring-boot-autoconfigure/3.2.2-SNAPSHOT/spring-boot-autoconfigure-3.2.2-SNAPSHOT.jar:/Users/nguyenphamhungphi/.m2/repository/com/mysql/mysql-connector-j/8.1.0/mysql-connector-j-8.1.0.jar:/Users/nguyenphamhungphi/.m2/repository/org/springframework/boot/spring-boot-starter-tomcat/3.2.2-SNAPSHOT/spring-boot-starter-tomcat-3.2.2-SNAPSHOT.jar:/Users/nguyenphamhungphi/.m2/repository/jakarta/annotation/jakarta.annotation-api/2.1.1/jakarta.annotation-api-2.1.1.jar:/Users/nguyenphamhungphi/.m2/repository/org/apache/tomcat/embed/tomcat-embed-core/10.1.17/tomcat-embed-core-10.1.17.jar:/Users/nguyenphamhungphi/.m2/repository/org/apache/tomcat/embed/tomcat-embed-el/10.1.17/tomcat-embed-el-10.1.17.jar:/Users/nguyenphamhungphi/.m2/repository/org/apache/tomcat/embed/tomcat-embed-websocket/10.1.17/tomcat-embed-websocket-10.1.17.jar:/Users/nguyenphamhungphi/.m2/repository/org/springframework/boot/spring-boot-starter-test/3.2.2-SNAPSHOT/spring-boot-starter-test-3.2.2-SNAPSHOT.jar:/Users/nguyenphamhungphi/.m2/repository/org/springframework/boot/spring-boot-test/3.2.2-SNAPSHOT/spring-boot-test-3.2.2-SNAPSHOT.jar:/Users/nguyenphamhungphi/.m2/repository/org/springframework/boot/spring-boot-test-autoconfigure/3.2.2-SNAPSHOT/spring-boot-test-autoconfigure-3.2.2-SNAPSHOT.jar:/Users/nguyenphamhungphi/.m2/repository/com/jayway/jsonpath/json-path/2.8.0/json-path-2.8.0.jar:/Users/nguyenphamhungphi/.m2/repository/jakarta/xml/bind/jakarta.xml.bind-api/4.0.1/jakarta.xml.bind-api-4.0.1.jar:/Users/nguyenphamhungphi/.m2/repository/jakarta/activation/jakarta.activation-api/2.1.2/jakarta.activation-api-2.1.2.jar:/Users/nguyenphamhungphi/.m2/repository/net/minidev/json-smart/2.5.0/json-smart-2.5.0.jar:/Users/nguyenphamhungphi/.m2/repository/net/minidev/accessors-smart/2.5.0/accessors-smart-2.5.0.jar:/Users/nguyenphamhungphi/.m2/repository/org/ow2/asm/asm/9.3/asm-9.3.jar:/Users/nguyenphamhungphi/.m2/repository/org/assertj/assertj-core/3.24.2/assertj-core-3.24.2.jar:/Users/nguyenphamhungphi/.m2/repository/org/awaitility/awaitility/4.2.0/awaitility-4.2.0.jar:/Users/nguyenphamhungphi/.m2/repository/org/hamcrest/hamcrest/2.2/hamcrest-2.2.jar:/Users/nguyenphamhungphi/.m2/repository/org/junit/jupiter/junit-jupiter/5.10.1/junit-jupiter-5.10.1.jar:/Users/nguyenphamhungphi/.m2/repository/org/junit/jupiter/junit-jupiter-api/5.10.1/junit-jupiter-api-5.10.1.jar:/Users/nguyenphamhungphi/.m2/repository/org/opentest4j/opentest4j/1.3.0/opentest4j-1.3.0.jar:/Users/nguyenphamhungphi/.m2/repository/org/junit/platform/junit-platform-commons/1.10.1/junit-platform-commons-1.10.1.jar:/Users/nguyenphamhungphi/.m2/repository/org/apiguardian/apiguardian-api/1.1.2/apiguardian-api-1.1.2.jar:/Users/nguyenphamhungphi/.m2/repository/org/junit/jupiter/junit-jupiter-params/5.10.1/junit-jupiter-params-5.10.1.jar:/Users/nguyenphamhungphi/.m2/repository/org/junit/jupiter/junit-jupiter-engine/5.10.1/junit-jupiter-engine-5.10.1.jar:/Users/nguyenphamhungphi/.m2/repository/org/junit/platform/junit-platform-engine/1.10.1/junit-platform-engine-1.10.1.jar:/Users/nguyenphamhungphi/.m2/repository/org/mockito/mockito-core/5.7.0/mockito-core-5.7.0.jar:/Users/nguyenphamhungphi/.m2/repository/net/bytebuddy/byte-buddy-agent/1.14.10/byte-buddy-agent-1.14.10.jar:/Users/nguyenphamhungphi/.m2/repository/org/objenesis/objenesis/3.3/objenesis-3.3.jar:/Users/nguyenphamhungphi/.m2/repository/org/mockito/mockito-junit-jupiter/5.7.0/mockito-junit-jupiter-5.7.0.jar:/Users/nguyenphamhungphi/.m2/repository/org/skyscreamer/jsonassert/1.5.1/jsonassert-1.5.1.jar:/Users/nguyenphamhungphi/.m2/repository/com/vaadin/external/google/android-json/0.0.20131108.vaadin1/android-json-0.0.20131108.vaadin1.jar:/Users/nguyenphamhungphi/.m2/repository/org/springframework/spring-core/6.1.2/spring-core-6.1.2.jar:/Users/nguyenphamhungphi/.m2/repository/org/springframework/spring-jcl/6.1.2/spring-jcl-6.1.2.jar:/Users/nguyenphamhungphi/.m2/repository/org/springframework/spring-test/6.1.2/spring-test-6.1.2.jar:/Users/nguyenphamhungphi/.m2/repository/org/xmlunit/xmlunit-core/2.9.1/xmlunit-core-2.9.1.jar:"/>
    <property name="java.vm.vendor" value="Eclipse Adoptium"/>
    <property name="sun.arch.data.model" value="64"/>
    <property name="java.vendor.url" value="https://adoptium.net/"/>
    <property name="user.timezone" value="Asia/Ho_Chi_Minh"/>
    <property name="org.jboss.logging.provider" value="slf4j"/>
    <property name="os.name" value="Mac OS X"/>
    <property name="java.vm.specification.version" value="17"/>
    <property name="sun.java.launcher" value="SUN_STANDARD"/>
    <property name="user.country" value="VN"/>
    <property name="sun.boot.library.path" value="/Applications/SpringToolSuite4.app/Contents/Eclipse/plugins/org.eclipse.justj.openjdk.hotspot.jre.full.macosx.x86_64_17.0.9.v20231028-0858/jre/lib"/>
    <property name="sun.java.command" value="/Users/nguyenphamhungphi/Documents/SalesForce/salesforce_crm/target/surefire/surefirebooter-20231223011931955_3.jar /Users/nguyenphamhungphi/Documents/SalesForce/salesforce_crm/target/surefire 2023-12-23T01-19-31_735-jvmRun1 surefire-20231223011931955_1tmp surefire_0-20231223011931955_2tmp"/>
    <property name="http.nonProxyHosts" value="local|*.local|169.254/16|*.169.254/16"/>
    <property name="jdk.debug" value="release"/>
    <property name="surefire.test.class.path" value="/Users/nguyenphamhungphi/Documents/SalesForce/salesforce_crm/target/test-classes:/Users/nguyenphamhungphi/Documents/SalesForce/salesforce_crm/target/classes:/Users/nguyenphamhungphi/.m2/repository/org/springframework/boot/spring-boot-starter-data-jpa/3.2.2-SNAPSHOT/spring-boot-starter-data-jpa-3.2.2-SNAPSHOT.jar:/Users/nguyenphamhungphi/.m2/repository/org/springframework/boot/spring-boot-starter-aop/3.2.2-SNAPSHOT/spring-boot-starter-aop-3.2.2-SNAPSHOT.jar:/Users/nguyenphamhungphi/.m2/repository/org/springframework/spring-aop/6.1.2/spring-aop-6.1.2.jar:/Users/nguyenphamhungphi/.m2/repository/org/aspectj/aspectjweaver/1.9.21/aspectjweaver-1.9.21.jar:/Users/nguyenphamhungphi/.m2/repository/org/springframework/boot/spring-boot-starter-jdbc/3.2.2-SNAPSHOT/spring-boot-starter-jdbc-3.2.2-SNAPSHOT.jar:/Users/nguyenphamhungphi/.m2/repository/com/zaxxer/HikariCP/5.0.1/HikariCP-5.0.1.jar:/Users/nguyenphamhungphi/.m2/repository/org/springframework/spring-jdbc/6.1.2/spring-jdbc-6.1.2.jar:/Users/nguyenphamhungphi/.m2/repository/org/hibernate/orm/hibernate-core/6.4.1.Final/hibernate-core-6.4.1.Final.jar:/Users/nguyenphamhungphi/.m2/repository/jakarta/persistence/jakarta.persistence-api/3.1.0/jakarta.persistence-api-3.1.0.jar:/Users/nguyenphamhungphi/.m2/repository/jakarta/transaction/jakarta.transaction-api/2.0.1/jakarta.transaction-api-2.0.1.jar:/Users/nguyenphamhungphi/.m2/repository/org/jboss/logging/jboss-logging/3.5.3.Final/jboss-logging-3.5.3.Final.jar:/Users/nguyenphamhungphi/.m2/repository/org/hibernate/common/hibernate-commons-annotations/6.0.6.Final/hibernate-commons-annotations-6.0.6.Final.jar:/Users/nguyenphamhungphi/.m2/repository/io/smallrye/jandex/3.1.2/jandex-3.1.2.jar:/Users/nguyenphamhungphi/.m2/repository/com/fasterxml/classmate/1.6.0/classmate-1.6.0.jar:/Users/nguyenphamhungphi/.m2/repository/net/bytebuddy/byte-buddy/1.14.10/byte-buddy-1.14.10.jar:/Users/nguyenphamhungphi/.m2/repository/org/glassfish/jaxb/jaxb-runtime/4.0.4/jaxb-runtime-4.0.4.jar:/Users/nguyenphamhungphi/.m2/repository/org/glassfish/jaxb/jaxb-core/4.0.4/jaxb-core-4.0.4.jar:/Users/nguyenphamhungphi/.m2/repository/org/eclipse/angus/angus-activation/2.0.1/angus-activation-2.0.1.jar:/Users/nguyenphamhungphi/.m2/repository/org/glassfish/jaxb/txw2/4.0.4/txw2-4.0.4.jar:/Users/nguyenphamhungphi/.m2/repository/com/sun/istack/istack-commons-runtime/4.1.2/istack-commons-runtime-4.1.2.jar:/Users/nguyenphamhungphi/.m2/repository/jakarta/inject/jakarta.inject-api/2.0.1/jakarta.inject-api-2.0.1.jar:/Users/nguyenphamhungphi/.m2/repository/org/antlr/antlr4-runtime/4.13.0/antlr4-runtime-4.13.0.jar:/Users/nguyenphamhungphi/.m2/repository/org/springframework/data/spring-data-jpa/3.2.1/spring-data-jpa-3.2.1.jar:/Users/nguyenphamhungphi/.m2/repository/org/springframework/data/spring-data-commons/3.2.1/spring-data-commons-3.2.1.jar:/Users/nguyenphamhungphi/.m2/repository/org/springframework/spring-orm/6.1.2/spring-orm-6.1.2.jar:/Users/nguyenphamhungphi/.m2/repository/org/springframework/spring-context/6.1.2/spring-context-6.1.2.jar:/Users/nguyenphamhungphi/.m2/repository/org/springframework/spring-tx/6.1.2/spring-tx-6.1.2.jar:/Users/nguyenphamhungphi/.m2/repository/org/springframework/spring-beans/6.1.2/spring-beans-6.1.2.jar:/Users/nguyenphamhungphi/.m2/repository/org/slf4j/slf4j-api/2.0.9/slf4j-api-2.0.9.jar:/Users/nguyenphamhungphi/.m2/repository/org/springframework/spring-aspects/6.1.2/spring-aspects-6.1.2.jar:/Users/nguyenphamhungphi/.m2/repository/org/springframework/boot/spring-boot-starter-web/3.2.2-SNAPSHOT/spring-boot-starter-web-3.2.2-SNAPSHOT.jar:/Users/nguyenphamhungphi/.m2/repository/org/springframework/boot/spring-boot-starter/3.2.2-SNAPSHOT/spring-boot-starter-3.2.2-SNAPSHOT.jar:/Users/nguyenphamhungphi/.m2/repository/org/springframework/boot/spring-boot-starter-logging/3.2.2-SNAPSHOT/spring-boot-starter-logging-3.2.2-SNAPSHOT.jar:/Users/nguyenphamhungphi/.m2/repository/ch/qos/logback/logback-classic/1.4.14/logback-classic-1.4.14.jar:/Users/nguyenphamhungphi/.m2/repository/ch/qos/logback/logback-core/1.4.14/logback-core-1.4.14.jar:/Users/nguyenphamhungphi/.m2/repository/org/apache/logging/log4j/log4j-to-slf4j/2.21.1/log4j-to-slf4j-2.21.1.jar:/Users/nguyenphamhungphi/.m2/repository/org/apache/logging/log4j/log4j-api/2.21.1/log4j-api-2.21.1.jar:/Users/nguyenphamhungphi/.m2/repository/org/slf4j/jul-to-slf4j/2.0.9/jul-to-slf4j-2.0.9.jar:/Users/nguyenphamhungphi/.m2/repository/org/yaml/snakeyaml/2.2/snakeyaml-2.2.jar:/Users/nguyenphamhungphi/.m2/repository/org/springframework/boot/spring-boot-starter-json/3.2.2-SNAPSHOT/spring-boot-starter-json-3.2.2-SNAPSHOT.jar:/Users/nguyenphamhungphi/.m2/repository/com/fasterxml/jackson/core/jackson-databind/2.15.3/jackson-databind-2.15.3.jar:/Users/nguyenphamhungphi/.m2/repository/com/fasterxml/jackson/core/jackson-annotations/2.15.3/jackson-annotations-2.15.3.jar:/Users/nguyenphamhungphi/.m2/repository/com/fasterxml/jackson/core/jackson-core/2.15.3/jackson-core-2.15.3.jar:/Users/nguyenphamhungphi/.m2/repository/com/fasterxml/jackson/datatype/jackson-datatype-jdk8/2.15.3/jackson-datatype-jdk8-2.15.3.jar:/Users/nguyenphamhungphi/.m2/repository/com/fasterxml/jackson/datatype/jackson-datatype-jsr310/2.15.3/jackson-datatype-jsr310-2.15.3.jar:/Users/nguyenphamhungphi/.m2/repository/com/fasterxml/jackson/module/jackson-module-parameter-names/2.15.3/jackson-module-parameter-names-2.15.3.jar:/Users/nguyenphamhungphi/.m2/repository/org/springframework/spring-web/6.1.2/spring-web-6.1.2.jar:/Users/nguyenphamhungphi/.m2/repository/io/micrometer/micrometer-observation/1.12.1/micrometer-observation-1.12.1.jar:/Users/nguyenphamhungphi/.m2/repository/io/micrometer/micrometer-commons/1.12.1/micrometer-commons-1.12.1.jar:/Users/nguyenphamhungphi/.m2/repository/org/springframework/spring-webmvc/6.1.2/spring-webmvc-6.1.2.jar:/Users/nguyenphamhungphi/.m2/repository/org/springframework/spring-expression/6.1.2/spring-expression-6.1.2.jar:/Users/nguyenphamhungphi/.m2/repository/org/springframework/boot/spring-boot-devtools/3.2.2-SNAPSHOT/spring-boot-devtools-3.2.2-SNAPSHOT.jar:/Users/nguyenphamhungphi/.m2/repository/org/springframework/boot/spring-boot/3.2.2-SNAPSHOT/spring-boot-3.2.2-SNAPSHOT.jar:/Users/nguyenphamhungphi/.m2/repository/org/springframework/boot/spring-boot-autoconfigure/3.2.2-SNAPSHOT/spring-boot-autoconfigure-3.2.2-SNAPSHOT.jar:/Users/nguyenphamhungphi/.m2/repository/com/mysql/mysql-connector-j/8.1.0/mysql-connector-j-8.1.0.jar:/Users/nguyenphamhungphi/.m2/repository/org/springframework/boot/spring-boot-starter-tomcat/3.2.2-SNAPSHOT/spring-boot-starter-tomcat-3.2.2-SNAPSHOT.jar:/Users/nguyenphamhungphi/.m2/repository/jakarta/annotation/jakarta.annotation-api/2.1.1/jakarta.annotation-api-2.1.1.jar:/Users/nguyenphamhungphi/.m2/repository/org/apache/tomcat/embed/tomcat-embed-core/10.1.17/tomcat-embed-core-10.1.17.jar:/Users/nguyenphamhungphi/.m2/repository/org/apache/tomcat/embed/tomcat-embed-el/10.1.17/tomcat-embed-el-10.1.17.jar:/Users/nguyenphamhungphi/.m2/repository/org/apache/tomcat/embed/tomcat-embed-websocket/10.1.17/tomcat-embed-websocket-10.1.17.jar:/Users/nguyenphamhungphi/.m2/repository/org/springframework/boot/spring-boot-starter-test/3.2.2-SNAPSHOT/spring-boot-starter-test-3.2.2-SNAPSHOT.jar:/Users/nguyenphamhungphi/.m2/repository/org/springframework/boot/spring-boot-test/3.2.2-SNAPSHOT/spring-boot-test-3.2.2-SNAPSHOT.jar:/Users/nguyenphamhungphi/.m2/repository/org/springframework/boot/spring-boot-test-autoconfigure/3.2.2-SNAPSHOT/spring-boot-test-autoconfigure-3.2.2-SNAPSHOT.jar:/Users/nguyenphamhungphi/.m2/repository/com/jayway/jsonpath/json-path/2.8.0/json-path-2.8.0.jar:/Users/nguyenphamhungphi/.m2/repository/jakarta/xml/bind/jakarta.xml.bind-api/4.0.1/jakarta.xml.bind-api-4.0.1.jar:/Users/nguyenphamhungphi/.m2/repository/jakarta/activation/jakarta.activation-api/2.1.2/jakarta.activation-api-2.1.2.jar:/Users/nguyenphamhungphi/.m2/repository/net/minidev/json-smart/2.5.0/json-smart-2.5.0.jar:/Users/nguyenphamhungphi/.m2/repository/net/minidev/accessors-smart/2.5.0/accessors-smart-2.5.0.jar:/Users/nguyenphamhungphi/.m2/repository/org/ow2/asm/asm/9.3/asm-9.3.jar:/Users/nguyenphamhungphi/.m2/repository/org/assertj/assertj-core/3.24.2/assertj-core-3.24.2.jar:/Users/nguyenphamhungphi/.m2/repository/org/awaitility/awaitility/4.2.0/awaitility-4.2.0.jar:/Users/nguyenphamhungphi/.m2/repository/org/hamcrest/hamcrest/2.2/hamcrest-2.2.jar:/Users/nguyenphamhungphi/.m2/repository/org/junit/jupiter/junit-jupiter/5.10.1/junit-jupiter-5.10.1.jar:/Users/nguyenphamhungphi/.m2/repository/org/junit/jupiter/junit-jupiter-api/5.10.1/junit-jupiter-api-5.10.1.jar:/Users/nguyenphamhungphi/.m2/repository/org/opentest4j/opentest4j/1.3.0/opentest4j-1.3.0.jar:/Users/nguyenphamhungphi/.m2/repository/org/junit/platform/junit-platform-commons/1.10.1/junit-platform-commons-1.10.1.jar:/Users/nguyenphamhungphi/.m2/repository/org/apiguardian/apiguardian-api/1.1.2/apiguardian-api-1.1.2.jar:/Users/nguyenphamhungphi/.m2/repository/org/junit/jupiter/junit-jupiter-params/5.10.1/junit-jupiter-params-5.10.1.jar:/Users/nguyenphamhungphi/.m2/repository/org/junit/jupiter/junit-jupiter-engine/5.10.1/junit-jupiter-engine-5.10.1.jar:/Users/nguyenphamhungphi/.m2/repository/org/junit/platform/junit-platform-engine/1.10.1/junit-platform-engine-1.10.1.jar:/Users/nguyenphamhungphi/.m2/repository/org/mockito/mockito-core/5.7.0/mockito-core-5.7.0.jar:/Users/nguyenphamhungphi/.m2/repository/net/bytebuddy/byte-buddy-agent/1.14.10/byte-buddy-agent-1.14.10.jar:/Users/nguyenphamhungphi/.m2/repository/org/objenesis/objenesis/3.3/objenesis-3.3.jar:/Users/nguyenphamhungphi/.m2/repository/org/mockito/mockito-junit-jupiter/5.7.0/mockito-junit-jupiter-5.7.0.jar:/Users/nguyenphamhungphi/.m2/repository/org/skyscreamer/jsonassert/1.5.1/jsonassert-1.5.1.jar:/Users/nguyenphamhungphi/.m2/repository/com/vaadin/external/google/android-json/0.0.20131108.vaadin1/android-json-0.0.20131108.vaadin1.jar:/Users/nguyenphamhungphi/.m2/repository/org/springframework/spring-core/6.1.2/spring-core-6.1.2.jar:/Users/nguyenphamhungphi/.m2/repository/org/springframework/spring-jcl/6.1.2/spring-jcl-6.1.2.jar:/Users/nguyenphamhungphi/.m2/repository/org/springframework/spring-test/6.1.2/spring-test-6.1.2.jar:/Users/nguyenphamhungphi/.m2/repository/org/xmlunit/xmlunit-core/2.9.1/xmlunit-core-2.9.1.jar:"/>
    <property name="sun.cpu.endian" value="little"/>
    <property name="user.home" value="/Users/nguyenphamhungphi"/>
    <property name="user.language" value="en"/>
    <property name="java.specification.vendor" value="Oracle Corporation"/>
    <property name="java.version.date" value="2023-10-17"/>
    <property name="java.home" value="/Applications/SpringToolSuite4.app/Contents/Eclipse/plugins/org.eclipse.justj.openjdk.hotspot.jre.full.macosx.x86_64_17.0.9.v20231028-0858/jre"/>
    <property name="file.separator" value="/"/>
    <property name="style.color" value="always"/>
    <property name="basedir" value="/Users/nguyenphamhungphi/Documents/SalesForce/salesforce_crm"/>
    <property name="java.vm.compressedOopsMode" value="Zero based"/>
    <property name="line.separator" value="&#10;"/>
    <property name="java.vm.specification.vendor" value="Oracle Corporation"/>
    <property name="java.specification.name" value="Java Platform API Specification"/>
    <property name="FILE_LOG_CHARSET" value="UTF-8"/>
    <property name="java.awt.headless" value="true"/>
    <property name="surefire.real.class.path" value="/Users/nguyenphamhungphi/Documents/SalesForce/salesforce_crm/target/surefire/surefirebooter-20231223011931955_3.jar"/>
    <property name="sun.management.compiler" value="HotSpot 64-Bit Tiered Compilers"/>
    <property name="ftp.nonProxyHosts" value="local|*.local|169.254/16|*.169.254/16"/>
    <property name="java.runtime.version" value="17.0.9+9"/>
    <property name="user.name" value="nguyenphamhungphi"/>
    <property name="path.separator" value=":"/>
    <property name="os.version" value="13.4"/>
    <property name="java.runtime.name" value="OpenJDK Runtime Environment"/>
    <property name="file.encoding" value="UTF-8"/>
    <property name="java.vm.name" value="OpenJDK 64-Bit Server VM"/>
    <property name="java.vendor.version" value="Temurin-17.0.9+9"/>
    <property name="localRepository" value="/Users/nguyenphamhungphi/.m2/repository"/>
    <property name="java.vendor.url.bug" value="https://github.com/adoptium/adoptium-support/issues"/>
    <property name="java.io.tmpdir" value="/var/folders/kr/1xhs4k650rs66c8jd9wmm5bm0000gn/T/"/>
    <property name="com.zaxxer.hikari.pool_number" value="1"/>
    <property name="java.version" value="17.0.9"/>
    <property name="user.dir" value="/Users/nguyenphamhungphi/Documents/SalesForce/salesforce_crm"/>
    <property name="os.arch" value="x86_64"/>
    <property name="java.vm.specification.name" value="Java Virtual Machine Specification"/>
    <property name="PID" value="46324"/>
    <property name="CONSOLE_LOG_CHARSET" value="UTF-8"/>
    <property name="native.encoding" value="UTF-8"/>
    <property name="java.library.path" value="/Users/nguyenphamhungphi/Library/Java/Extensions:/Library/Java/Extensions:/Network/Library/Java/Extensions:/System/Library/Java/Extensions:/usr/lib/java:."/>
    <property name="java.vm.info" value="mixed mode"/>
    <property name="java.vendor" value="Eclipse Adoptium"/>
    <property name="java.vm.version" value="17.0.9+9"/>
    <property name="sun.io.unicode.encoding" value="UnicodeBig"/>
    <property name="socksNonProxyHosts" value="local|*.local|169.254/16|*.169.254/16"/>
    <property name="java.class.version" value="61.0"/>
  </properties>
  <testcase name="contextLoads" classname="com.example.demo.SalesforceCrm1ApplicationTests" time="1.017">
    <system-out><![CDATA[01:19:33.535 [main] INFO org.springframework.test.context.support.AnnotationConfigContextLoaderUtils -- Could not detect default configuration classes for test class [com.example.demo.SalesforceCrm1ApplicationTests]: SalesforceCrm1ApplicationTests does not declare any static, non-private, non-final, nested classes annotated with @Configuration.
01:19:33.728 [main] INFO org.springframework.boot.test.context.SpringBootTestContextBootstrapper -- Found @SpringBootConfiguration com.example.demo.SalesforceCrm1Application for test class com.example.demo.SalesforceCrm1ApplicationTests
01:19:34.027 [main] INFO org.springframework.boot.devtools.restart.RestartApplicationListener -- Restart disabled due to context in which it is running

  .   ____          _            __ _ _
 /\\ / ___'_ __ _ _(_)_ __  __ _ \ \ \ \
( ( )\___ | '_ | '_| | '_ \/ _` | \ \ \ \
 \\/  ___)| |_)| | | | | || (_| |  ) ) ) )
  '  |____| .__|_| |_|_| |_\__, | / / / /
 =========|_|==============|___/=/_/_/_/
 :: Spring Boot ::       (v3.2.2-SNAPSHOT)

2023-12-23T01:19:34.583+07:00  INFO 46324 --- [           main] c.e.demo.SalesforceCrm1ApplicationTests  : Starting SalesforceCrm1ApplicationTests using Java 17.0.9 with PID 46324 (started by nguyenphamhungphi in /Users/nguyenphamhungphi/Documents/SalesForce/salesforce_crm)
2023-12-23T01:19:34.584+07:00  INFO 46324 --- [           main] c.e.demo.SalesforceCrm1ApplicationTests  : No active profile set, falling back to 1 default profile: "default"
2023-12-23T01:19:36.094+07:00  INFO 46324 --- [           main] .s.d.r.c.RepositoryConfigurationDelegate : Bootstrapping Spring Data JPA repositories in DEFAULT mode.
2023-12-23T01:19:36.205+07:00  INFO 46324 --- [           main] .s.d.r.c.RepositoryConfigurationDelegate : Finished Spring Data repository scanning in 100 ms. Found 1 JPA repository interface.
2023-12-23T01:19:37.452+07:00  INFO 46324 --- [           main] com.zaxxer.hikari.HikariDataSource       : HikariPool-1 - Starting...
2023-12-23T01:19:40.002+07:00  INFO 46324 --- [           main] com.zaxxer.hikari.pool.HikariPool        : HikariPool-1 - Added connection com.mysql.cj.jdbc.ConnectionImpl@79df80a4
2023-12-23T01:19:40.014+07:00  INFO 46324 --- [           main] com.zaxxer.hikari.HikariDataSource       : HikariPool-1 - Start completed.
2023-12-23T01:19:40.115+07:00  INFO 46324 --- [           main] o.hibernate.jpa.internal.util.LogHelper  : HHH000204: Processing PersistenceUnitInfo [name: default]
2023-12-23T01:19:40.162+07:00  INFO 46324 --- [           main] org.hibernate.Version                    : HHH000412: Hibernate ORM core version 6.4.1.Final
2023-12-23T01:19:40.210+07:00  INFO 46324 --- [           main] o.h.c.internal.RegionFactoryInitiator    : HHH000026: Second-level cache disabled
2023-12-23T01:19:40.510+07:00  INFO 46324 --- [           main] o.s.o.j.p.SpringPersistenceUnitInfo      : No LoadTimeWeaver setup: ignoring JPA class transformer
2023-12-23T01:19:40.765+07:00  WARN 46324 --- [           main] org.hibernate.orm.deprecation            : HHH90000025: MySQL8Dialect does not need to be specified explicitly using 'hibernate.dialect' (remove the property setting and it will be selected by default)
2023-12-23T01:19:40.766+07:00  WARN 46324 --- [           main] org.hibernate.orm.deprecation            : HHH90000026: MySQL8Dialect has been deprecated; use org.hibernate.dialect.MySQLDialect instead
2023-12-23T01:19:41.726+07:00  INFO 46324 --- [           main] o.h.e.t.j.p.i.JtaPlatformInitiator       : HHH000489: No JTA platform available (set 'hibernate.transaction.jta.platform' to enable JTA platform integration)
2023-12-23T01:19:41.729+07:00  INFO 46324 --- [           main] j.LocalContainerEntityManagerFactoryBean : Initialized JPA EntityManagerFactory for persistence unit 'default'
2023-12-23T01:19:42.423+07:00  WARN 46324 --- [           main] JpaBaseConfiguration$JpaWebConfiguration : spring.jpa.open-in-view is enabled by default. Therefore, database queries may be performed during view rendering. Explicitly configure spring.jpa.open-in-view to disable this warning
2023-12-23T01:19:43.549+07:00  INFO 46324 --- [           main] c.e.demo.SalesforceCrm1ApplicationTests  : Started SalesforceCrm1ApplicationTests in 9.599 seconds (process running for 11.47)
]]></system-out>
  </testcase>
</testsuite>